<?xml version="1.0" encoding="UTF-8"?>
<testng-results skipped="0" failed="1" total="1" passed="0">
  <reporter-output>
  </reporter-output>
  <suite name="Default suite" duration-ms="124076" started-at="2021-12-20T18:31:49Z" finished-at="2021-12-20T18:33:53Z">
    <groups>
    </groups>
    <test name="Default test" duration-ms="124076" started-at="2021-12-20T18:31:49Z" finished-at="2021-12-20T18:33:53Z">
      <class name="accuWeather.comparatorLogic">
        <test-method status="FAIL" signature="validateApiAndWeb()[pri:0, instance:accuWeather.comparatorLogic@55f3ddb1]" name="validateApiAndWeb" duration-ms="124052" started-at="2021-12-21T00:01:49Z" finished-at="2021-12-21T00:03:53Z">
          <exception class="accuWeather.VarienceNotInRangeException">
            <message>
              <![CDATA[Difference between API Temparature And Web Temparature is not with in valid range...]]>
            </message>
            <full-stacktrace>
              <![CDATA[accuWeather.VarienceNotInRangeException: Difference between API Temparature And Web Temparature is not with in valid range...
	at accuWeather.comparatorLogic.validateVariance(comparatorLogic.java:39)
	at accuWeather.comparatorLogic.validateApiAndWeb(comparatorLogic.java:19)
	at sun.reflect.NativeMethodAccessorImpl.invoke0(Native Method)
	at sun.reflect.NativeMethodAccessorImpl.invoke(NativeMethodAccessorImpl.java:62)
	at sun.reflect.DelegatingMethodAccessorImpl.invoke(DelegatingMethodAccessorImpl.java:43)
	at java.lang.reflect.Method.invoke(Method.java:498)
	at org.testng.internal.MethodInvocationHelper.invokeMethod(MethodInvocationHelper.java:86)
	at org.testng.internal.Invoker.invokeMethod(Invoker.java:643)
	at org.testng.internal.Invoker.invokeTestMethod(Invoker.java:820)
	at org.testng.internal.Invoker.invokeTestMethods(Invoker.java:1128)
	at org.testng.internal.TestMethodWorker.invokeTestMethods(TestMethodWorker.java:129)
	at org.testng.internal.TestMethodWorker.run(TestMethodWorker.java:112)
	at org.testng.TestRunner.privateRun(TestRunner.java:782)
	at org.testng.TestRunner.run(TestRunner.java:632)
	at org.testng.SuiteRunner.runTest(SuiteRunner.java:366)
	at org.testng.SuiteRunner.runSequentially(SuiteRunner.java:361)
	at org.testng.SuiteRunner.privateRun(SuiteRunner.java:319)
	at org.testng.SuiteRunner.run(SuiteRunner.java:268)
	at org.testng.SuiteRunnerWorker.runSuite(SuiteRunnerWorker.java:52)
	at org.testng.SuiteRunnerWorker.run(SuiteRunnerWorker.java:86)
	at org.testng.TestNG.runSuitesSequentially(TestNG.java:1244)
	at org.testng.TestNG.runSuitesLocally(TestNG.java:1169)
	at org.testng.TestNG.run(TestNG.java:1064)
	at org.testng.remote.AbstractRemoteTestNG.run(AbstractRemoteTestNG.java:114)
	at org.testng.remote.RemoteTestNG.initAndRun(RemoteTestNG.java:251)
	at org.testng.remote.RemoteTestNG.main(RemoteTestNG.java:77)
]]>
            </full-stacktrace>
          </exception> <!-- accuWeather.VarienceNotInRangeException -->
          <reporter-output>
          </reporter-output>
        </test-method> <!-- validateApiAndWeb -->
      </class> <!-- accuWeather.comparatorLogic -->
    </test> <!-- Default test -->
  </suite> <!-- Default suite -->
</testng-results>
